[2025-03-25 09:14:59][INFO]  game controller inits...
[2025-03-25 09:14:59][DEBUG] ------------------------------
[2025-03-25 09:14:59][DEBUG] player1 color: Black
[2025-03-25 09:14:59][DEBUG] player2 color: White
[2025-03-25 09:14:59][DEBUG] player1 plays first: True
[2025-03-25 09:14:59][DEBUG] current player: Player1
[2025-03-25 09:14:59][DEBUG] idle_:D player: Player2
[2025-03-25 09:14:59][DEBUG] archive status: online
[2025-03-25 09:14:59][DEBUG] ------------------------------
[2025-03-25 09:14:59][DEBUG] board: 
                     [DEBUG]     A B C D E F G H I J K L M   
                     [DEBUG]   . . . . . . . . . . . . . . . 
                     [DEBUG] A . + + + + + + + + + + + + + . 
                     [DEBUG] B . + + + + + + + + + + + + + . 
                     [DEBUG] C . + + + + + + + + + + + + + . 
                     [DEBUG] D . + + + + + + + + + + + + + . 
                     [DEBUG] E . + + + + + + + + + + + + + . 
                     [DEBUG] F . + + + + + + + + + + + + + . 
                     [DEBUG] G . + + + + + + + + + + + + + . 
                     [DEBUG] H . + + + + + + + + + + + + + . 
                     [DEBUG] I . + + + + + + + + + + + + + . 
                     [DEBUG] J . + + + + + + + + + + + + + . 
                     [DEBUG] K . + + + + + + + + + + + + + . 
                     [DEBUG] L . + + + + + + + + + + + + + . 
                     [DEBUG] M . + + + + + + + + + + + + + . 
                     [DEBUG]   . . . . . . . . . . . . . . . 
[2025-03-25 09:15:01][DEBUG] Human player puts cmd: PIECE
[2025-03-25 09:15:01][DEBUG] Human's pos: [0, 1]
[2025-03-25 09:15:01][DEBUG] board: 
                     [DEBUG]     A B C D E F G H I J K L M   
                     [DEBUG]   . . . . . . . . . . . . . . . 
                     [DEBUG] A . +[*]+ + + + + + + + + + + . 
                     [DEBUG] B . + + + + + + + + + + + + + . 
                     [DEBUG] C . + + + + + + + + + + + + + . 
                     [DEBUG] D . + + + + + + + + + + + + + . 
                     [DEBUG] E . + + + + + + + + + + + + + . 
                     [DEBUG] F . + + + + + + + + + + + + + . 
                     [DEBUG] G . + + + + + + + + + + + + + . 
                     [DEBUG] H . + + + + + + + + + + + + + . 
                     [DEBUG] I . + + + + + + + + + + + + + . 
                     [DEBUG] J . + + + + + + + + + + + + + . 
                     [DEBUG] K . + + + + + + + + + + + + + . 
                     [DEBUG] L . + + + + + + + + + + + + + . 
                     [DEBUG] M . + + + + + + + + + + + + + . 
                     [DEBUG]   . . . . . . . . . . . . . . . 
[2025-03-25 09:15:01][INFO]  Robot's pos: [1, 11]
[2025-03-25 09:15:01][DEBUG] board: 
                     [DEBUG]     A B C D E F G H I J K L M   
                     [DEBUG]   . . . . . . . . . . . . . . . 
                     [DEBUG] A . + X + + + + + + + + + + + . 
                     [DEBUG] B . + + + + + + + + + + +[@]+ . 
                     [DEBUG] C . + + + + + + + + + + + + + . 
                     [DEBUG] D . + + + + + + + + + + + + + . 
                     [DEBUG] E . + + + + + + + + + + + + + . 
                     [DEBUG] F . + + + + + + + + + + + + + . 
                     [DEBUG] G . + + + + + + + + + + + + + . 
                     [DEBUG] H . + + + + + + + + + + + + + . 
                     [DEBUG] I . + + + + + + + + + + + + + . 
                     [DEBUG] J . + + + + + + + + + + + + + . 
                     [DEBUG] K . + + + + + + + + + + + + + . 
                     [DEBUG] L . + + + + + + + + + + + + + . 
                     [DEBUG] M . + + + + + + + + + + + + + . 
                     [DEBUG]   . . . . . . . . . . . . . . . 
[2025-03-25 09:15:07][DEBUG] Human player puts cmd: RESTART
[2025-03-25 09:15:07][INFO]  game ends with status: RESTART
[2025-03-25 09:15:07][DEBUG] board: 
                     [DEBUG]     A B C D E F G H I J K L M   
                     [DEBUG]   . . . . . . . . . . . . . . . 
                     [DEBUG] A . + + + + + + + + + + + + + . 
                     [DEBUG] B . + + + + + + + + + + + + + . 
                     [DEBUG] C . + + + + + + + + + + + + + . 
                     [DEBUG] D . + + + + + + + + + + + + + . 
                     [DEBUG] E . + + + + + + + + + + + + + . 
                     [DEBUG] F . + + + + + + + + + + + + + . 
                     [DEBUG] G . + + + + + + + + + + + + + . 
                     [DEBUG] H . + + + + + + + + + + + + + . 
                     [DEBUG] I . + + + + + + + + + + + + + . 
                     [DEBUG] J . + + + + + + + + + + + + + . 
                     [DEBUG] K . + + + + + + + + + + + + + . 
                     [DEBUG] L . + + + + + + + + + + + + + . 
                     [DEBUG] M . + + + + + + + + + + + + + . 
                     [DEBUG]   . . . . . . . . . . . . . . . 
[2025-03-25 09:15:08][DEBUG] Human player puts cmd: PIECE
[2025-03-25 09:15:08][DEBUG] Human's pos: [0, 0]
[2025-03-25 09:15:08][DEBUG] board: 
                     [DEBUG]     A B C D E F G H I J K L M   
                     [DEBUG]   . . . . . . . . . . . . . . . 
                     [DEBUG] A .[*]+ + + + + + + + + + + + . 
                     [DEBUG] B . + + + + + + + + + + + + + . 
                     [DEBUG] C . + + + + + + + + + + + + + . 
                     [DEBUG] D . + + + + + + + + + + + + + . 
                     [DEBUG] E . + + + + + + + + + + + + + . 
                     [DEBUG] F . + + + + + + + + + + + + + . 
                     [DEBUG] G . + + + + + + + + + + + + + . 
                     [DEBUG] H . + + + + + + + + + + + + + . 
                     [DEBUG] I . + + + + + + + + + + + + + . 
                     [DEBUG] J . + + + + + + + + + + + + + . 
                     [DEBUG] K . + + + + + + + + + + + + + . 
                     [DEBUG] L . + + + + + + + + + + + + + . 
                     [DEBUG] M . + + + + + + + + + + + + + . 
                     [DEBUG]   . . . . . . . . . . . . . . . 
[2025-03-25 09:15:08][INFO]  Robot's pos: [1, 9]
[2025-03-25 09:15:08][DEBUG] board: 
                     [DEBUG]     A B C D E F G H I J K L M   
                     [DEBUG]   . . . . . . . . . . . . . . . 
                     [DEBUG] A . X + + + + + + + + + + + + . 
                     [DEBUG] B . + + + + + + + + +[@]+ + + . 
                     [DEBUG] C . + + + + + + + + + + + + + . 
                     [DEBUG] D . + + + + + + + + + + + + + . 
                     [DEBUG] E . + + + + + + + + + + + + + . 
                     [DEBUG] F . + + + + + + + + + + + + + . 
                     [DEBUG] G . + + + + + + + + + + + + + . 
                     [DEBUG] H . + + + + + + + + + + + + + . 
                     [DEBUG] I . + + + + + + + + + + + + + . 
                     [DEBUG] J . + + + + + + + + + + + + + . 
                     [DEBUG] K . + + + + + + + + + + + + + . 
                     [DEBUG] L . + + + + + + + + + + + + + . 
                     [DEBUG] M . + + + + + + + + + + + + + . 
                     [DEBUG]   . . . . . . . . . . . . . . . 
[2025-03-25 09:15:12][DEBUG] Human player puts cmd: RESTART
[2025-03-25 09:15:12][INFO]  game ends with status: RESTART
