[2025-03-25 09:04:24][INFO]  game controller inits...
[2025-03-25 09:04:24][DEBUG] ------------------------------
[2025-03-25 09:04:24][DEBUG] player1 color: Black
[2025-03-25 09:04:24][DEBUG] player2 color: White
[2025-03-25 09:04:24][DEBUG] player1 plays first: True
[2025-03-25 09:04:24][DEBUG] current player: Player1
[2025-03-25 09:04:24][DEBUG] idle_:D player: Player2
[2025-03-25 09:04:24][DEBUG] archive status: online
[2025-03-25 09:04:24][DEBUG] ------------------------------
[2025-03-25 09:04:24][DEBUG] board: 
                     [DEBUG]     A B C D E F G H I J K L M   
                     [DEBUG]   . . . . . . . . . . . . . . . 
                     [DEBUG] A . + + + + + + + + + + + + + . 
                     [DEBUG] B . + + + + + + + + + + + + + . 
                     [DEBUG] C . + + + + + + + + + + + + + . 
                     [DEBUG] D . + + + + + + + + + + + + + . 
                     [DEBUG] E . + + + + + + + + + + + + + . 
                     [DEBUG] F . + + + + + + + + + + + + + . 
                     [DEBUG] G . + + + + + + + + + + + + + . 
                     [DEBUG] H . + + + + + + + + + + + + + . 
                     [DEBUG] I . + + + + + + + + + + + + + . 
                     [DEBUG] J . + + + + + + + + + + + + + . 
                     [DEBUG] K . + + + + + + + + + + + + + . 
                     [DEBUG] L . + + + + + + + + + + + + + . 
                     [DEBUG] M . + + + + + + + + + + + + + . 
                     [DEBUG]   . . . . . . . . . . . . . . . 
[2025-03-25 09:04:26][DEBUG] Human player puts cmd: PIECE
[2025-03-25 09:04:26][DEBUG] Human's pos: [0, 0]
[2025-03-25 09:04:26][DEBUG] board: 
                     [DEBUG]     A B C D E F G H I J K L M   
                     [DEBUG]   . . . . . . . . . . . . . . . 
                     [DEBUG] A .[*]+ + + + + + + + + + + + . 
                     [DEBUG] B . + + + + + + + + + + + + + . 
                     [DEBUG] C . + + + + + + + + + + + + + . 
                     [DEBUG] D . + + + + + + + + + + + + + . 
                     [DEBUG] E . + + + + + + + + + + + + + . 
                     [DEBUG] F . + + + + + + + + + + + + + . 
                     [DEBUG] G . + + + + + + + + + + + + + . 
                     [DEBUG] H . + + + + + + + + + + + + + . 
                     [DEBUG] I . + + + + + + + + + + + + + . 
                     [DEBUG] J . + + + + + + + + + + + + + . 
                     [DEBUG] K . + + + + + + + + + + + + + . 
                     [DEBUG] L . + + + + + + + + + + + + + . 
                     [DEBUG] M . + + + + + + + + + + + + + . 
                     [DEBUG]   . . . . . . . . . . . . . . . 
[2025-03-25 09:04:26][INFO]  Robot's pos: [0, 5]
[2025-03-25 09:04:26][DEBUG] board: 
                     [DEBUG]     A B C D E F G H I J K L M   
                     [DEBUG]   . . . . . . . . . . . . . . . 
                     [DEBUG] A . X + + + +[@]+ + + + + + + . 
                     [DEBUG] B . + + + + + + + + + + + + + . 
                     [DEBUG] C . + + + + + + + + + + + + + . 
                     [DEBUG] D . + + + + + + + + + + + + + . 
                     [DEBUG] E . + + + + + + + + + + + + + . 
                     [DEBUG] F . + + + + + + + + + + + + + . 
                     [DEBUG] G . + + + + + + + + + + + + + . 
                     [DEBUG] H . + + + + + + + + + + + + + . 
                     [DEBUG] I . + + + + + + + + + + + + + . 
                     [DEBUG] J . + + + + + + + + + + + + + . 
                     [DEBUG] K . + + + + + + + + + + + + + . 
                     [DEBUG] L . + + + + + + + + + + + + + . 
                     [DEBUG] M . + + + + + + + + + + + + + . 
                     [DEBUG]   . . . . . . . . . . . . . . . 
[2025-03-25 09:04:40][DEBUG] Human player puts cmd: RESTART
[2025-03-25 09:04:40][INFO]  game ends with status: RESTART
