[2025-03-25 09:16:12][INFO]  game controller inits...
[2025-03-25 09:16:12][DEBUG] ------------------------------
[2025-03-25 09:16:12][DEBUG] player1 color: Black
[2025-03-25 09:16:12][DEBUG] player2 color: White
[2025-03-25 09:16:12][DEBUG] player1 plays first: True
[2025-03-25 09:16:12][DEBUG] current player: Player1
[2025-03-25 09:16:12][DEBUG] idle_:D player: Player2
[2025-03-25 09:16:12][DEBUG] archive status: online
[2025-03-25 09:16:12][DEBUG] ------------------------------
[2025-03-25 09:16:12][DEBUG] board: 
                     [DEBUG]     A B C D E F G H I J K L M   
                     [DEBUG]   . . . . . . . . . . . . . . . 
                     [DEBUG] A . + + + + + + + + + + + + + . 
                     [DEBUG] B . + + + + + + + + + + + + + . 
                     [DEBUG] C . + + + + + + + + + + + + + . 
                     [DEBUG] D . + + + + + + + + + + + + + . 
                     [DEBUG] E . + + + + + + + + + + + + + . 
                     [DEBUG] F . + + + + + + + + + + + + + . 
                     [DEBUG] G . + + + + + + + + + + + + + . 
                     [DEBUG] H . + + + + + + + + + + + + + . 
                     [DEBUG] I . + + + + + + + + + + + + + . 
                     [DEBUG] J . + + + + + + + + + + + + + . 
                     [DEBUG] K . + + + + + + + + + + + + + . 
                     [DEBUG] L . + + + + + + + + + + + + + . 
                     [DEBUG] M . + + + + + + + + + + + + + . 
                     [DEBUG]   . . . . . . . . . . . . . . . 
[2025-03-25 09:16:14][DEBUG] Human player puts cmd: PIECE
[2025-03-25 09:16:14][DEBUG] Human's pos: [0, 0]
[2025-03-25 09:16:14][DEBUG] board: 
                     [DEBUG]     A B C D E F G H I J K L M   
                     [DEBUG]   . . . . . . . . . . . . . . . 
                     [DEBUG] A .[*]+ + + + + + + + + + + + . 
                     [DEBUG] B . + + + + + + + + + + + + + . 
                     [DEBUG] C . + + + + + + + + + + + + + . 
                     [DEBUG] D . + + + + + + + + + + + + + . 
                     [DEBUG] E . + + + + + + + + + + + + + . 
                     [DEBUG] F . + + + + + + + + + + + + + . 
                     [DEBUG] G . + + + + + + + + + + + + + . 
                     [DEBUG] H . + + + + + + + + + + + + + . 
                     [DEBUG] I . + + + + + + + + + + + + + . 
                     [DEBUG] J . + + + + + + + + + + + + + . 
                     [DEBUG] K . + + + + + + + + + + + + + . 
                     [DEBUG] L . + + + + + + + + + + + + + . 
                     [DEBUG] M . + + + + + + + + + + + + + . 
                     [DEBUG]   . . . . . . . . . . . . . . . 
[2025-03-25 09:16:14][INFO]  Robot's pos: [6, 4]
[2025-03-25 09:16:14][DEBUG] board: 
                     [DEBUG]     A B C D E F G H I J K L M   
                     [DEBUG]   . . . . . . . . . . . . . . . 
                     [DEBUG] A . X + + + + + + + + + + + + . 
                     [DEBUG] B . + + + + + + + + + + + + + . 
                     [DEBUG] C . + + + + + + + + + + + + + . 
                     [DEBUG] D . + + + + + + + + + + + + + . 
                     [DEBUG] E . + + + + + + + + + + + + + . 
                     [DEBUG] F . + + + + + + + + + + + + + . 
                     [DEBUG] G . + + + +[@]+ + + + + + + + . 
                     [DEBUG] H . + + + + + + + + + + + + + . 
                     [DEBUG] I . + + + + + + + + + + + + + . 
                     [DEBUG] J . + + + + + + + + + + + + + . 
                     [DEBUG] K . + + + + + + + + + + + + + . 
                     [DEBUG] L . + + + + + + + + + + + + + . 
                     [DEBUG] M . + + + + + + + + + + + + + . 
                     [DEBUG]   . . . . . . . . . . . . . . . 
[2025-03-25 09:16:19][DEBUG] Human player puts cmd: PIECE
[2025-03-25 09:16:19][DEBUG] Human's pos: [6, 6]
[2025-03-25 09:16:19][DEBUG] board: 
                     [DEBUG]     A B C D E F G H I J K L M   
                     [DEBUG]   . . . . . . . . . . . . . . . 
                     [DEBUG] A . X + + + + + + + + + + + + . 
                     [DEBUG] B . + + + + + + + + + + + + + . 
                     [DEBUG] C . + + + + + + + + + + + + + . 
                     [DEBUG] D . + + + + + + + + + + + + + . 
                     [DEBUG] E . + + + + + + + + + + + + + . 
                     [DEBUG] F . + + + + + + + + + + + + + . 
                     [DEBUG] G . + + + + O +[*]+ + + + + + . 
                     [DEBUG] H . + + + + + + + + + + + + + . 
                     [DEBUG] I . + + + + + + + + + + + + + . 
                     [DEBUG] J . + + + + + + + + + + + + + . 
                     [DEBUG] K . + + + + + + + + + + + + + . 
                     [DEBUG] L . + + + + + + + + + + + + + . 
                     [DEBUG] M . + + + + + + + + + + + + + . 
                     [DEBUG]   . . . . . . . . . . . . . . . 
[2025-03-25 09:16:19][INFO]  Robot's pos: [8, 4]
[2025-03-25 09:16:19][DEBUG] board: 
                     [DEBUG]     A B C D E F G H I J K L M   
                     [DEBUG]   . . . . . . . . . . . . . . . 
                     [DEBUG] A . X + + + + + + + + + + + + . 
                     [DEBUG] B . + + + + + + + + + + + + + . 
                     [DEBUG] C . + + + + + + + + + + + + + . 
                     [DEBUG] D . + + + + + + + + + + + + + . 
                     [DEBUG] E . + + + + + + + + + + + + + . 
                     [DEBUG] F . + + + + + + + + + + + + + . 
                     [DEBUG] G . + + + + O + X + + + + + + . 
                     [DEBUG] H . + + + + + + + + + + + + + . 
                     [DEBUG] I . + + + +[@]+ + + + + + + + . 
                     [DEBUG] J . + + + + + + + + + + + + + . 
                     [DEBUG] K . + + + + + + + + + + + + + . 
                     [DEBUG] L . + + + + + + + + + + + + + . 
                     [DEBUG] M . + + + + + + + + + + + + + . 
                     [DEBUG]   . . . . . . . . . . . . . . . 
[2025-03-25 09:16:26][DEBUG] Human player puts cmd: PIECE
[2025-03-25 09:16:26][DEBUG] Human's pos: [7, 4]
[2025-03-25 09:16:26][DEBUG] board: 
                     [DEBUG]     A B C D E F G H I J K L M   
                     [DEBUG]   . . . . . . . . . . . . . . . 
                     [DEBUG] A . X + + + + + + + + + + + + . 
                     [DEBUG] B . + + + + + + + + + + + + + . 
                     [DEBUG] C . + + + + + + + + + + + + + . 
                     [DEBUG] D . + + + + + + + + + + + + + . 
                     [DEBUG] E . + + + + + + + + + + + + + . 
                     [DEBUG] F . + + + + + + + + + + + + + . 
                     [DEBUG] G . + + + + O + X + + + + + + . 
                     [DEBUG] H . + + + +[*]+ + + + + + + + . 
                     [DEBUG] I . + + + + O + + + + + + + + . 
                     [DEBUG] J . + + + + + + + + + + + + + . 
                     [DEBUG] K . + + + + + + + + + + + + + . 
                     [DEBUG] L . + + + + + + + + + + + + + . 
                     [DEBUG] M . + + + + + + + + + + + + + . 
                     [DEBUG]   . . . . . . . . . . . . . . . 
[2025-03-25 09:16:26][INFO]  Robot's pos: [6, 2]
[2025-03-25 09:16:26][DEBUG] board: 
                     [DEBUG]     A B C D E F G H I J K L M   
                     [DEBUG]   . . . . . . . . . . . . . . . 
                     [DEBUG] A . X + + + + + + + + + + + + . 
                     [DEBUG] B . + + + + + + + + + + + + + . 
                     [DEBUG] C . + + + + + + + + + + + + + . 
                     [DEBUG] D . + + + + + + + + + + + + + . 
                     [DEBUG] E . + + + + + + + + + + + + + . 
                     [DEBUG] F . + + + + + + + + + + + + + . 
                     [DEBUG] G . + +[@]+ O + X + + + + + + . 
                     [DEBUG] H . + + + + X + + + + + + + + . 
                     [DEBUG] I . + + + + O + + + + + + + + . 
                     [DEBUG] J . + + + + + + + + + + + + + . 
                     [DEBUG] K . + + + + + + + + + + + + + . 
                     [DEBUG] L . + + + + + + + + + + + + + . 
                     [DEBUG] M . + + + + + + + + + + + + + . 
                     [DEBUG]   . . . . . . . . . . . . . . . 
[2025-03-25 09:16:35][DEBUG] Human player puts cmd: PIECE
[2025-03-25 09:16:35][DEBUG] Human's pos: [7, 3]
[2025-03-25 09:16:35][DEBUG] board: 
                     [DEBUG]     A B C D E F G H I J K L M   
                     [DEBUG]   . . . . . . . . . . . . . . . 
                     [DEBUG] A . X + + + + + + + + + + + + . 
                     [DEBUG] B . + + + + + + + + + + + + + . 
                     [DEBUG] C . + + + + + + + + + + + + + . 
                     [DEBUG] D . + + + + + + + + + + + + + . 
                     [DEBUG] E . + + + + + + + + + + + + + . 
                     [DEBUG] F . + + + + + + + + + + + + + . 
                     [DEBUG] G . + + O + O + X + + + + + + . 
                     [DEBUG] H . + + +[*]X + + + + + + + + . 
                     [DEBUG] I . + + + + O + + + + + + + + . 
                     [DEBUG] J . + + + + + + + + + + + + + . 
                     [DEBUG] K . + + + + + + + + + + + + + . 
                     [DEBUG] L . + + + + + + + + + + + + + . 
                     [DEBUG] M . + + + + + + + + + + + + + . 
                     [DEBUG]   . . . . . . . . . . . . . . . 
[2025-03-25 09:16:35][INFO]  Robot's pos: [6, 3]
[2025-03-25 09:16:35][DEBUG] board: 
                     [DEBUG]     A B C D E F G H I J K L M   
                     [DEBUG]   . . . . . . . . . . . . . . . 
                     [DEBUG] A . X + + + + + + + + + + + + . 
                     [DEBUG] B . + + + + + + + + + + + + + . 
                     [DEBUG] C . + + + + + + + + + + + + + . 
                     [DEBUG] D . + + + + + + + + + + + + + . 
                     [DEBUG] E . + + + + + + + + + + + + + . 
                     [DEBUG] F . + + + + + + + + + + + + + . 
                     [DEBUG] G . + + O[@]O + X + + + + + + . 
                     [DEBUG] H . + + + X X + + + + + + + + . 
                     [DEBUG] I . + + + + O + + + + + + + + . 
                     [DEBUG] J . + + + + + + + + + + + + + . 
                     [DEBUG] K . + + + + + + + + + + + + + . 
                     [DEBUG] L . + + + + + + + + + + + + + . 
                     [DEBUG] M . + + + + + + + + + + + + + . 
                     [DEBUG]   . . . . . . . . . . . . . . . 
[2025-03-25 09:16:49][DEBUG] Human player puts cmd: PIECE
[2025-03-25 09:16:49][DEBUG] Human's pos: [6, 5]
[2025-03-25 09:16:49][DEBUG] board: 
                     [DEBUG]     A B C D E F G H I J K L M   
                     [DEBUG]   . . . . . . . . . . . . . . . 
                     [DEBUG] A . X + + + + + + + + + + + + . 
                     [DEBUG] B . + + + + + + + + + + + + + . 
                     [DEBUG] C . + + + + + + + + + + + + + . 
                     [DEBUG] D . + + + + + + + + + + + + + . 
                     [DEBUG] E . + + + + + + + + + + + + + . 
                     [DEBUG] F . + + + + + + + + + + + + + . 
                     [DEBUG] G . + + O O O[*]X + + + + + + . 
                     [DEBUG] H . + + + X X + + + + + + + + . 
                     [DEBUG] I . + + + + O + + + + + + + + . 
                     [DEBUG] J . + + + + + + + + + + + + + . 
                     [DEBUG] K . + + + + + + + + + + + + + . 
                     [DEBUG] L . + + + + + + + + + + + + + . 
                     [DEBUG] M . + + + + + + + + + + + + + . 
                     [DEBUG]   . . . . . . . . . . . . . . . 
[2025-03-25 09:16:49][INFO]  Robot's pos: [6, 0]
[2025-03-25 09:16:49][DEBUG] board: 
                     [DEBUG]     A B C D E F G H I J K L M   
                     [DEBUG]   . . . . . . . . . . . . . . . 
                     [DEBUG] A . X + + + + + + + + + + + + . 
                     [DEBUG] B . + + + + + + + + + + + + + . 
                     [DEBUG] C . + + + + + + + + + + + + + . 
                     [DEBUG] D . + + + + + + + + + + + + + . 
                     [DEBUG] E . + + + + + + + + + + + + + . 
                     [DEBUG] F . + + + + + + + + + + + + + . 
                     [DEBUG] G .[@]+ O O O X X + + + + + + . 
                     [DEBUG] H . + + + X X + + + + + + + + . 
                     [DEBUG] I . + + + + O + + + + + + + + . 
                     [DEBUG] J . + + + + + + + + + + + + + . 
                     [DEBUG] K . + + + + + + + + + + + + + . 
                     [DEBUG] L . + + + + + + + + + + + + + . 
                     [DEBUG] M . + + + + + + + + + + + + + . 
                     [DEBUG]   . . . . . . . . . . . . . . . 
[2025-03-25 09:16:55][DEBUG] Human player puts cmd: PIECE
[2025-03-25 09:16:55][DEBUG] Human's pos: [6, 1]
[2025-03-25 09:16:55][DEBUG] board: 
                     [DEBUG]     A B C D E F G H I J K L M   
                     [DEBUG]   . . . . . . . . . . . . . . . 
                     [DEBUG] A . X + + + + + + + + + + + + . 
                     [DEBUG] B . + + + + + + + + + + + + + . 
                     [DEBUG] C . + + + + + + + + + + + + + . 
                     [DEBUG] D . + + + + + + + + + + + + + . 
                     [DEBUG] E . + + + + + + + + + + + + + . 
                     [DEBUG] F . + + + + + + + + + + + + + . 
                     [DEBUG] G . O[*]O O O X X + + + + + + . 
                     [DEBUG] H . + + + X X + + + + + + + + . 
                     [DEBUG] I . + + + + O + + + + + + + + . 
                     [DEBUG] J . + + + + + + + + + + + + + . 
                     [DEBUG] K . + + + + + + + + + + + + + . 
                     [DEBUG] L . + + + + + + + + + + + + + . 
                     [DEBUG] M . + + + + + + + + + + + + + . 
                     [DEBUG]   . . . . . . . . . . . . . . . 
[2025-03-25 09:16:55][INFO]  Robot's pos: [7, 2]
[2025-03-25 09:16:55][DEBUG] board: 
                     [DEBUG]     A B C D E F G H I J K L M   
                     [DEBUG]   . . . . . . . . . . . . . . . 
                     [DEBUG] A . X + + + + + + + + + + + + . 
                     [DEBUG] B . + + + + + + + + + + + + + . 
                     [DEBUG] C . + + + + + + + + + + + + + . 
                     [DEBUG] D . + + + + + + + + + + + + + . 
                     [DEBUG] E . + + + + + + + + + + + + + . 
                     [DEBUG] F . + + + + + + + + + + + + + . 
                     [DEBUG] G . O X O O O X X + + + + + + . 
                     [DEBUG] H . + +[@]X X + + + + + + + + . 
                     [DEBUG] I . + + + + O + + + + + + + + . 
                     [DEBUG] J . + + + + + + + + + + + + + . 
                     [DEBUG] K . + + + + + + + + + + + + + . 
                     [DEBUG] L . + + + + + + + + + + + + + . 
                     [DEBUG] M . + + + + + + + + + + + + + . 
                     [DEBUG]   . . . . . . . . . . . . . . . 
[2025-03-25 09:17:40][DEBUG] Human player puts cmd: PIECE
[2025-03-25 09:17:40][DEBUG] Human's pos: [8, 2]
[2025-03-25 09:17:40][DEBUG] board: 
                     [DEBUG]     A B C D E F G H I J K L M   
                     [DEBUG]   . . . . . . . . . . . . . . . 
                     [DEBUG] A . X + + + + + + + + + + + + . 
                     [DEBUG] B . + + + + + + + + + + + + + . 
                     [DEBUG] C . + + + + + + + + + + + + + . 
                     [DEBUG] D . + + + + + + + + + + + + + . 
                     [DEBUG] E . + + + + + + + + + + + + + . 
                     [DEBUG] F . + + + + + + + + + + + + + . 
                     [DEBUG] G . O X O O O X X + + + + + + . 
                     [DEBUG] H . + + O X X + + + + + + + + . 
                     [DEBUG] I . + +[*]+ O + + + + + + + + . 
                     [DEBUG] J . + + + + + + + + + + + + + . 
                     [DEBUG] K . + + + + + + + + + + + + + . 
                     [DEBUG] L . + + + + + + + + + + + + + . 
                     [DEBUG] M . + + + + + + + + + + + + + . 
                     [DEBUG]   . . . . . . . . . . . . . . . 
[2025-03-25 09:17:40][INFO]  Robot's pos: [5, 4]
[2025-03-25 09:17:40][DEBUG] board: 
                     [DEBUG]     A B C D E F G H I J K L M   
                     [DEBUG]   . . . . . . . . . . . . . . . 
                     [DEBUG] A . X + + + + + + + + + + + + . 
                     [DEBUG] B . + + + + + + + + + + + + + . 
                     [DEBUG] C . + + + + + + + + + + + + + . 
                     [DEBUG] D . + + + + + + + + + + + + + . 
                     [DEBUG] E . + + + + + + + + + + + + + . 
                     [DEBUG] F . + + + +[@]+ + + + + + + + . 
                     [DEBUG] G . O X O O O X X + + + + + + . 
                     [DEBUG] H . + + O X X + + + + + + + + . 
                     [DEBUG] I . + + X + O + + + + + + + + . 
                     [DEBUG] J . + + + + + + + + + + + + + . 
                     [DEBUG] K . + + + + + + + + + + + + + . 
                     [DEBUG] L . + + + + + + + + + + + + + . 
                     [DEBUG] M . + + + + + + + + + + + + + . 
                     [DEBUG]   . . . . . . . . . . . . . . . 
[2025-03-25 09:17:54][DEBUG] Human player puts cmd: PIECE
[2025-03-25 09:17:54][DEBUG] Human's pos: [4, 5]
[2025-03-25 09:17:54][DEBUG] board: 
                     [DEBUG]     A B C D E F G H I J K L M   
                     [DEBUG]   . . . . . . . . . . . . . . . 
                     [DEBUG] A . X + + + + + + + + + + + + . 
                     [DEBUG] B . + + + + + + + + + + + + + . 
                     [DEBUG] C . + + + + + + + + + + + + + . 
                     [DEBUG] D . + + + + + + + + + + + + + . 
                     [DEBUG] E . + + + + +[*]+ + + + + + + . 
                     [DEBUG] F . + + + + O + + + + + + + + . 
                     [DEBUG] G . O X O O O X X + + + + + + . 
                     [DEBUG] H . + + O X X + + + + + + + + . 
                     [DEBUG] I . + + X + O + + + + + + + + . 
                     [DEBUG] J . + + + + + + + + + + + + + . 
                     [DEBUG] K . + + + + + + + + + + + + + . 
                     [DEBUG] L . + + + + + + + + + + + + + . 
                     [DEBUG] M . + + + + + + + + + + + + + . 
                     [DEBUG]   . . . . . . . . . . . . . . . 
[2025-03-25 09:17:54][INFO]  Robot's pos: [9, 0]
[2025-03-25 09:17:54][DEBUG] board: 
                     [DEBUG]     A B C D E F G H I J K L M   
                     [DEBUG]   . . . . . . . . . . . . . . . 
                     [DEBUG] A . X + + + + + + + + + + + + . 
                     [DEBUG] B . + + + + + + + + + + + + + . 
                     [DEBUG] C . + + + + + + + + + + + + + . 
                     [DEBUG] D . + + + + + + + + + + + + + . 
                     [DEBUG] E . + + + + + X + + + + + + + . 
                     [DEBUG] F . + + + + O + + + + + + + + . 
                     [DEBUG] G . O X O O O X X + + + + + + . 
                     [DEBUG] H . + + O X X + + + + + + + + . 
                     [DEBUG] I . + + X + O + + + + + + + + . 
                     [DEBUG] J .[@]+ + + + + + + + + + + + . 
                     [DEBUG] K . + + + + + + + + + + + + + . 
                     [DEBUG] L . + + + + + + + + + + + + + . 
                     [DEBUG] M . + + + + + + + + + + + + + . 
                     [DEBUG]   . . . . . . . . . . . . . . . 
[2025-03-25 09:18:02][DEBUG] Human player puts cmd: PIECE
[2025-03-25 09:18:02][DEBUG] Human's pos: [8, 1]
[2025-03-25 09:18:02][DEBUG] board: 
                     [DEBUG]     A B C D E F G H I J K L M   
                     [DEBUG]   . . . . . . . . . . . . . . . 
                     [DEBUG] A . X + + + + + + + + + + + + . 
                     [DEBUG] B . + + + + + + + + + + + + + . 
                     [DEBUG] C . + + + + + + + + + + + + + . 
                     [DEBUG] D . + + + + + + + + + + + + + . 
                     [DEBUG] E . + + + + + X + + + + + + + . 
                     [DEBUG] F . + + + + O + + + + + + + + . 
                     [DEBUG] G . O X O O O X X + + + + + + . 
                     [DEBUG] H . + + O X X + + + + + + + + . 
                     [DEBUG] I . +[*]X + O + + + + + + + + . 
                     [DEBUG] J . O + + + + + + + + + + + + . 
                     [DEBUG] K . + + + + + + + + + + + + + . 
                     [DEBUG] L . + + + + + + + + + + + + + . 
                     [DEBUG] M . + + + + + + + + + + + + + . 
                     [DEBUG]   . . . . . . . . . . . . . . . 
[2025-03-25 09:18:02][INFO]  Robot's pos: [4, 2]
[2025-03-25 09:18:02][DEBUG] board: 
                     [DEBUG]     A B C D E F G H I J K L M   
                     [DEBUG]   . . . . . . . . . . . . . . . 
                     [DEBUG] A . X + + + + + + + + + + + + . 
                     [DEBUG] B . + + + + + + + + + + + + + . 
                     [DEBUG] C . + + + + + + + + + + + + + . 
                     [DEBUG] D . + + + + + + + + + + + + + . 
                     [DEBUG] E . + +[@]+ + X + + + + + + + . 
                     [DEBUG] F . + + + + O + + + + + + + + . 
                     [DEBUG] G . O X O O O X X + + + + + + . 
                     [DEBUG] H . + + O X X + + + + + + + + . 
                     [DEBUG] I . + X X + O + + + + + + + + . 
                     [DEBUG] J . O + + + + + + + + + + + + . 
                     [DEBUG] K . + + + + + + + + + + + + + . 
                     [DEBUG] L . + + + + + + + + + + + + + . 
                     [DEBUG] M . + + + + + + + + + + + + + . 
                     [DEBUG]   . . . . . . . . . . . . . . . 
[2025-03-25 09:18:34][DEBUG] Human player puts cmd: PIECE
[2025-03-25 09:18:34][DEBUG] Human's pos: [5, 6]
[2025-03-25 09:18:34][DEBUG] board: 
                     [DEBUG]     A B C D E F G H I J K L M   
                     [DEBUG]   . . . . . . . . . . . . . . . 
                     [DEBUG] A . X + + + + + + + + + + + + . 
                     [DEBUG] B . + + + + + + + + + + + + + . 
                     [DEBUG] C . + + + + + + + + + + + + + . 
                     [DEBUG] D . + + + + + + + + + + + + + . 
                     [DEBUG] E . + + O + + X + + + + + + + . 
                     [DEBUG] F . + + + + O +[*]+ + + + + + . 
                     [DEBUG] G . O X O O O X X + + + + + + . 
                     [DEBUG] H . + + O X X + + + + + + + + . 
                     [DEBUG] I . + X X + O + + + + + + + + . 
                     [DEBUG] J . O + + + + + + + + + + + + . 
                     [DEBUG] K . + + + + + + + + + + + + + . 
                     [DEBUG] L . + + + + + + + + + + + + + . 
                     [DEBUG] M . + + + + + + + + + + + + + . 
                     [DEBUG]   . . . . . . . . . . . . . . . 
[2025-03-25 09:18:34][INFO]  Robot's pos: [5, 2]
[2025-03-25 09:18:34][DEBUG] board: 
                     [DEBUG]     A B C D E F G H I J K L M   
                     [DEBUG]   . . . . . . . . . . . . . . . 
                     [DEBUG] A . X + + + + + + + + + + + + . 
                     [DEBUG] B . + + + + + + + + + + + + + . 
                     [DEBUG] C . + + + + + + + + + + + + + . 
                     [DEBUG] D . + + + + + + + + + + + + + . 
                     [DEBUG] E . + + O + + X + + + + + + + . 
                     [DEBUG] F . + +[@]+ O + X + + + + + + . 
                     [DEBUG] G . O X O O O X X + + + + + + . 
                     [DEBUG] H . + + O X X + + + + + + + + . 
                     [DEBUG] I . + X X + O + + + + + + + + . 
                     [DEBUG] J . O + + + + + + + + + + + + . 
                     [DEBUG] K . + + + + + + + + + + + + + . 
                     [DEBUG] L . + + + + + + + + + + + + + . 
                     [DEBUG] M . + + + + + + + + + + + + + . 
                     [DEBUG]   . . . . . . . . . . . . . . . 
[2025-03-25 09:18:40][DEBUG] Human player puts cmd: PIECE
[2025-03-25 09:18:40][DEBUG] Human's pos: [3, 2]
[2025-03-25 09:18:40][DEBUG] board: 
                     [DEBUG]     A B C D E F G H I J K L M   
                     [DEBUG]   . . . . . . . . . . . . . . . 
                     [DEBUG] A . X + + + + + + + + + + + + . 
                     [DEBUG] B . + + + + + + + + + + + + + . 
                     [DEBUG] C . + + + + + + + + + + + + + . 
                     [DEBUG] D . + +[*]+ + + + + + + + + + . 
                     [DEBUG] E . + + O + + X + + + + + + + . 
                     [DEBUG] F . + + O + O + X + + + + + + . 
                     [DEBUG] G . O X O O O X X + + + + + + . 
                     [DEBUG] H . + + O X X + + + + + + + + . 
                     [DEBUG] I . + X X + O + + + + + + + + . 
                     [DEBUG] J . O + + + + + + + + + + + + . 
                     [DEBUG] K . + + + + + + + + + + + + + . 
                     [DEBUG] L . + + + + + + + + + + + + + . 
                     [DEBUG] M . + + + + + + + + + + + + + . 
                     [DEBUG]   . . . . . . . . . . . . . . . 
[2025-03-25 09:18:40][INFO]  Robot's pos: [5, 3]
[2025-03-25 09:18:40][DEBUG] board: 
                     [DEBUG]     A B C D E F G H I J K L M   
                     [DEBUG]   . . . . . . . . . . . . . . . 
                     [DEBUG] A . X + + + + + + + + + + + + . 
                     [DEBUG] B . + + + + + + + + + + + + + . 
                     [DEBUG] C . + + + + + + + + + + + + + . 
                     [DEBUG] D . + + X + + + + + + + + + + . 
                     [DEBUG] E . + + O + + X + + + + + + + . 
                     [DEBUG] F . + + O[@]O + X + + + + + + . 
                     [DEBUG] G . O X O O O X X + + + + + + . 
                     [DEBUG] H . + + O X X + + + + + + + + . 
                     [DEBUG] I . + X X + O + + + + + + + + . 
                     [DEBUG] J . O + + + + + + + + + + + + . 
                     [DEBUG] K . + + + + + + + + + + + + + . 
                     [DEBUG] L . + + + + + + + + + + + + + . 
                     [DEBUG] M . + + + + + + + + + + + + + . 
                     [DEBUG]   . . . . . . . . . . . . . . . 
[2025-03-25 09:18:58][DEBUG] Human player puts cmd: PIECE
[2025-03-25 09:18:58][DEBUG] Human's pos: [4, 7]
[2025-03-25 09:18:58][DEBUG] board: 
                     [DEBUG]     A B C D E F G H I J K L M   
                     [DEBUG]   . . . . . . . . . . . . . . . 
                     [DEBUG] A . X + + + + + + + + + + + + . 
                     [DEBUG] B . + + + + + + + + + + + + + . 
                     [DEBUG] C . + + + + + + + + + + + + + . 
                     [DEBUG] D . + + X + + + + + + + + + + . 
                     [DEBUG] E . + + O + + X +[*]+ + + + + . 
                     [DEBUG] F . + + O O O + X + + + + + + . 
                     [DEBUG] G . O X O O O X X + + + + + + . 
                     [DEBUG] H . + + O X X + + + + + + + + . 
                     [DEBUG] I . + X X + O + + + + + + + + . 
                     [DEBUG] J . O + + + + + + + + + + + + . 
                     [DEBUG] K . + + + + + + + + + + + + + . 
                     [DEBUG] L . + + + + + + + + + + + + + . 
                     [DEBUG] M . + + + + + + + + + + + + + . 
                     [DEBUG]   . . . . . . . . . . . . . . . 
[2025-03-25 09:18:58][INFO]  Robot's pos: [5, 1]
[2025-03-25 09:18:58][DEBUG] board: 
                     [DEBUG]     A B C D E F G H I J K L M   
                     [DEBUG]   . . . . . . . . . . . . . . . 
                     [DEBUG] A . X + + + + + + + + + + + + . 
                     [DEBUG] B . + + + + + + + + + + + + + . 
                     [DEBUG] C . + + + + + + + + + + + + + . 
                     [DEBUG] D . + + X + + + + + + + + + + . 
                     [DEBUG] E . + + O + + X + X + + + + + . 
                     [DEBUG] F . +[@]O O O + X + + + + + + . 
                     [DEBUG] G . O X O O O X X + + + + + + . 
                     [DEBUG] H . + + O X X + + + + + + + + . 
                     [DEBUG] I . + X X + O + + + + + + + + . 
                     [DEBUG] J . O + + + + + + + + + + + + . 
                     [DEBUG] K . + + + + + + + + + + + + + . 
                     [DEBUG] L . + + + + + + + + + + + + + . 
                     [DEBUG] M . + + + + + + + + + + + + + . 
                     [DEBUG]   . . . . . . . . . . . . . . . 
[2025-03-25 09:19:11][DEBUG] Human player puts cmd: PIECE
[2025-03-25 09:19:11][DEBUG] Human's pos: [3, 8]
[2025-03-25 09:19:11][DEBUG] board: 
                     [DEBUG]     A B C D E F G H I J K L M   
                     [DEBUG]   . . . . . . . . . . . . . . . 
                     [DEBUG] A . X + + + + + + + + + + + + . 
                     [DEBUG] B . + + + + + + + + + + + + + . 
                     [DEBUG] C . + + + + + + + + + + + + + . 
                     [DEBUG] D . + + X + + + + +[*]+ + + + . 
                     [DEBUG] E . + + O + + X + X + + + + + . 
                     [DEBUG] F . + O O O O + X + + + + + + . 
                     [DEBUG] G . O X O O O X X + + + + + + . 
                     [DEBUG] H . + + O X X + + + + + + + + . 
                     [DEBUG] I . + X X + O + + + + + + + + . 
                     [DEBUG] J . O + + + + + + + + + + + + . 
                     [DEBUG] K . + + + + + + + + + + + + + . 
                     [DEBUG] L . + + + + + + + + + + + + + . 
                     [DEBUG] M . + + + + + + + + + + + + + . 
                     [DEBUG]   . . . . . . . . . . . . . . . 
[2025-03-25 09:19:17][DEBUG] board: 
                     [DEBUG]     A B C D E F G H I J K L M   
                     [DEBUG]   . . . . . . . . . . . . . . . 
                     [DEBUG] A . X + + + + + + + + + + + + . 
                     [DEBUG] B . + + + + + + + + + + + + + . 
                     [DEBUG] C . + + + + + + + + + + + + + . 
                     [DEBUG] D . + + X + + + + +[*]+ + + + . 
                     [DEBUG] E . + + O + + X +[X]+ + + + + . 
                     [DEBUG] F . + O O O O +[X]+ + + + + + . 
                     [DEBUG] G . O X O O O[X]X + + + + + + . 
                     [DEBUG] H . + + O X[X]+ + + + + + + + . 
                     [DEBUG] I . + X X + O + + + + + + + + . 
                     [DEBUG] J . O + + + + + + + + + + + + . 
                     [DEBUG] K . + + + + + + + + + + + + + . 
                     [DEBUG] L . + + + + + + + + + + + + + . 
                     [DEBUG] M . + + + + + + + + + + + + + . 
                     [DEBUG]   . . . . . . . . . . . . . . . 
[2025-03-25 09:19:17][INFO]  *** --- Black player wins! --- ***
[2025-03-25 09:19:18][INFO]  game ends with status: NORMAL
[2025-03-25 09:19:18][DEBUG] board: 
                     [DEBUG]     A B C D E F G H I J K L M   
                     [DEBUG]   . . . . . . . . . . . . . . . 
                     [DEBUG] A . + + + + + + + + + + + + + . 
                     [DEBUG] B . + + + + + + + + + + + + + . 
                     [DEBUG] C . + + + + + + + + + + + + + . 
                     [DEBUG] D . + + + + + + + + + + + + + . 
                     [DEBUG] E . + + + + + + + + + + + + + . 
                     [DEBUG] F . + + + + + + + + + + + + + . 
                     [DEBUG] G . + + + + + + + + + + + + + . 
                     [DEBUG] H . + + + + + + + + + + + + + . 
                     [DEBUG] I . + + + + + + + + + + + + + . 
                     [DEBUG] J . + + + + + + + + + + + + + . 
                     [DEBUG] K . + + + + + + + + + + + + + . 
                     [DEBUG] L . + + + + + + + + + + + + + . 
                     [DEBUG] M . + + + + + + + + + + + + + . 
                     [DEBUG]   . . . . . . . . . . . . . . . 
[2025-03-25 09:19:18][INFO]  Robot's pos: [6, 6]
[2025-03-25 09:19:18][DEBUG] board: 
                     [DEBUG]     A B C D E F G H I J K L M   
                     [DEBUG]   . . . . . . . . . . . . . . . 
                     [DEBUG] A . + + + + + + + + + + + + + . 
                     [DEBUG] B . + + + + + + + + + + + + + . 
                     [DEBUG] C . + + + + + + + + + + + + + . 
                     [DEBUG] D . + + + + + + + + + + + + + . 
                     [DEBUG] E . + + + + + + + + + + + + + . 
                     [DEBUG] F . + + + + + + + + + + + + + . 
                     [DEBUG] G . + + + + + +[*]+ + + + + + . 
                     [DEBUG] H . + + + + + + + + + + + + + . 
                     [DEBUG] I . + + + + + + + + + + + + + . 
                     [DEBUG] J . + + + + + + + + + + + + + . 
                     [DEBUG] K . + + + + + + + + + + + + + . 
                     [DEBUG] L . + + + + + + + + + + + + + . 
                     [DEBUG] M . + + + + + + + + + + + + + . 
                     [DEBUG]   . . . . . . . . . . . . . . . 
[2025-03-25 09:19:31][DEBUG] Human player puts cmd: QUIT
[2025-03-25 09:19:31][INFO]  game ends with status: QUIT
